Removed Pin From Net: NetName=GND Pin=3.3V-1
Removed Pin From Net: NetName=3V3 Pin=3.3V-2
Removed Pin From Net: NetName=GND Pin=5V-1
Removed Pin From Net: NetName=5V Pin=5V-2
Change Component Footprint: Designator=3.3V Old Footprint=HDR1X2 New Footprint=HDR2X3
Change Component Footprint: Designator=5V Old Footprint=HDR1X2 New Footprint=HDR2X3
Change Component Comment : Designator=3.3V Old Comment=Header 2 New Comment=Header 3X2
Change Component Comment : Designator=5V Old Comment=Header 2 New Comment=Header 3X2
Added Component: Designator=C?(CAPR5-4X5)
Add component. Clean all parameters for all variants
Add component (AddParameter): Name = "PackageDescription"; Value = "Capacitor; 2 Leads"; VariantName = "[No Variations]"
Add component (AddParameter): Name = "PackageReference"; Value = "CAPR5-4X5"; VariantName = "[No Variations]"
Add component (AddParameter): Name = "Published"; Value = "23-Sep-2002"; VariantName = "[No Variations]"
Add component (AddParameter): Name = "Publisher"; Value = "Altium Limited"; VariantName = "[No Variations]"
Add component (AddParameter): Name = "Value"; Value = "100pF"; VariantName = "[No Variations]"
Added Component: Designator=P?(HDR1X2)
Add component. Clean all parameters for all variants
Add component (AddParameter): Name = "LatestRevisionDate"; Value = "17-Jul-2002"; VariantName = "[No Variations]"
Add component (AddParameter): Name = "LatestRevisionNote"; Value = "Re-released for DXP Platform."; VariantName = "[No Variations]"
Add component (AddParameter): Name = "Publisher"; Value = "Altium Limited"; VariantName = "[No Variations]"
Added Component: Designator=Q?(SC_TO-252AA)
Add component. Clean all parameters for all variants
Add component (AddParameter): Name = "ComponentLink1Description"; Value = "Digikey"; VariantName = "[No Variations]"
Add component (AddParameter): Name = "ComponentLink1URL"; Value = "https://www.digikey.com/product-detail/en/on-semiconductor/NTD5865NLT4G/NTD5865NLT4GOSCT-ND/2409629"; VariantName = "[No Variations]"
Added Component: Designator=U?(SOIC-8_M)
Add component. Clean all parameters for all variants
Add component (AddParameter): Name = "Built_By"; Value = "EMA_Jessica"; VariantName = "[No Variations]"
Add component (AddParameter): Name = "Copyright"; Value = "Copyright (C) 2018 Accelerated Designs. All rights reserved"; VariantName = "[No Variations]"
Add component (AddParameter): Name = "Manufacturer_Part_Number"; Value = "MIC5014YM-TR"; VariantName = "[No Variations]"
Add component (AddParameter): Name = "RefDes"; Value = "RefDes"; VariantName = "[No Variations]"
Add component (AddParameter): Name = "Type"; Value = "DEV"; VariantName = "[No Variations]"
Add component (AddParameter): Name = "Value"; Value = "Value"; VariantName = "[No Variations]"
Add component (AddParameter): Name = "Vendor"; Value = "Microchip"; VariantName = "[No Variations]"
Added Pin To Net: NetName=3V3 Pin=3.3V-1
Added Pin To Net: NetName=GND Pin=3.3V-2
Added Pin To Net: NetName=3V3 Pin=3.3V-3
Added Pin To Net: NetName=GND Pin=3.3V-4
Added Pin To Net: NetName=3V3 Pin=3.3V-5
Added Pin To Net: NetName=GND Pin=3.3V-6
Added Pin To Net: NetName=5V Pin=5V-1
Added Pin To Net: NetName=GND Pin=5V-2
Added Pin To Net: NetName=5V Pin=5V-3
Added Pin To Net: NetName=GND Pin=5V-4
Added Pin To Net: NetName=5V Pin=5V-5
Added Pin To Net: NetName=GND Pin=5V-6
Added Pin To Net: NetName=24V Pin=C?-1
Added Pin To Net: NetName=GND Pin=C?-2
Added Pin To Net: NetName=GND Pin=P?-1
Added Pin To Net: NetName=NetHeater1_2 Pin=Q?-2
Added Pin To Net: NetName=GND Pin=Q?-3
Added Pin To Net: NetName=24V Pin=U?-1
Added Pin To Net: NetName=GND Pin=U?-3
Added Pin To Net: NetName=GND Pin=U?-4
Added Pin To Net: NetName=NetP?_2 Pin=P?-2
Added Pin To Net: NetName=NetP?_2 Pin=U?-2
Added Net: Name=NetP?_2
Added Pin To Net: NetName=NetQ?_1 Pin=Q?-1
Added Pin To Net: NetName=NetQ?_1 Pin=U?-5
Added Net: Name=NetQ?_1
Added Member To Class: ClassName=Capstone_Power Member=Component C? 10uF
Added Member To Class: ClassName=Capstone_Power Member=Component P? Ex. Ctrl
Added Member To Class: ClassName=Capstone_Power Member=Component Q? SMD 60V 46A
Added Member To Class: ClassName=Capstone_Power Member=Component U? Part Number: MIC5014YM-TR
Added Room: Name=Capstone_Power
