Removed Pin From Net: NetName=NetCR1_1 Pin=CR1-1
Removed Pin From Net: NetName=Unchecked_3V3 Pin=CR1-2
Removed Pin From Net: NetName=24V Pin=CR1-3
Removed Member From Class: ClassName=Capstone_Power Member=CR1
Change Component Footprint: Designator=U1 Old Footprint=KTT3_6P22X6P6 New Footprint=DCY4
Change Component Footprint: Designator=BedHeater Old Footprint=TECO-282836-2_V New Footprint=TECO-282836-2_V
Change Component Comment : Designator=P? Old Comment=HeaterCtrl New Comment=Ex. Ctrl
Change Component Comment : Designator=U1 Old Comment=Part Number: UA7805CKTTR New Comment=Part Number: LM7805MPX/NOPB
Change Component Designator: OldDesignator=C? NewDesignator=C13
Change Component Designator: OldDesignator=P? NewDesignator=P2
Change Component Designator: OldDesignator=Q? NewDesignator=Q2
Change Component Designator: OldDesignator=U? NewDesignator=U7
Change component parameters: Designator = "U1"; Footprint = "DCY4"; UniqueID = "\XJDKKMVT"
Change component parameters. Clean all parameters for all variants
Change component parameters (AddParameter): Name = "Built_By"; Value = "EMA_Jessica"; VariantName = "[No Variations]"
Change component parameters (AddParameter): Name = "Copyright"; Value = "Copyright (C) 2018 Accelerated Designs. All rights reserved"; VariantName = "[No Variations]"
Change component parameters (AddParameter): Name = "Manufacturer_Part_Number"; Value = "LM7805MPX/NOPB"; VariantName = "[No Variations]"
Change component parameters (AddParameter): Name = "RefDes"; Value = "RefDes"; VariantName = "[No Variations]"
Change component parameters (AddParameter): Name = "Type"; Value = "DEV"; VariantName = "[No Variations]"
Change component parameters (AddParameter): Name = "Value"; Value = "Value"; VariantName = "[No Variations]"
Change component parameters (AddParameter): Name = "Vendor"; Value = "Texas Instruments"; VariantName = "[No Variations]"
Added Component: Designator=U6(DCY4)
Add component. Clean all parameters for all variants
Add component (AddParameter): Name = "Built_By"; Value = "EMA_UL_Team"; VariantName = "[No Variations]"
Add component (AddParameter): Name = "ComponentLink1Description"; Value = "Digikey"; VariantName = "[No Variations]"
Add component (AddParameter): Name = "ComponentLink1URL"; Value = "https://www.digikey.com/product-detail/en/texas-instruments/LM317DCYR/296-12602-1-ND/443738"; VariantName = "[No Variations]"
Add component (AddParameter): Name = "ComponentLink2Description"; Value = "Datasheet"; VariantName = "[No Variations]"
Add component (AddParameter): Name = "ComponentLink2URL"; Value = "http://www.ti.com/lit/ds/symlink/lm317.pdf"; VariantName = "[No Variations]"
Add component (AddParameter): Name = "Copyright"; Value = "Copyright (C) 2018 Accelerated Designs. All rights reserved"; VariantName = "[No Variations]"
Add component (AddParameter): Name = "Manufacturer_Part_Number"; Value = "LM317DCYR"; VariantName = "[No Variations]"
Add component (AddParameter): Name = "RefDes"; Value = "RefDes"; VariantName = "[No Variations]"
Add component (AddParameter): Name = "Type"; Value = "DEV"; VariantName = "[No Variations]"
Add component (AddParameter): Name = "Value"; Value = "Value"; VariantName = "[No Variations]"
Add component (AddParameter): Name = "Vendor"; Value = "Texas Instruments"; VariantName = "[No Variations]"
Added Pin To Net: NetName=GND Pin=U1-4
Added Pin To Net: NetName=NetCR1_1 Pin=U6-1
Added Pin To Net: NetName=Unchecked_3V3 Pin=U6-2
Added Pin To Net: NetName=24V Pin=U6-3
Added Pin To Net: NetName=Unchecked_3V3 Pin=U6-4
Change Net Name : Old Net Name=NetCR1_1 New Net Name=NetR1_1
Change Net Name : Old Net Name=NetP?_2 New Net Name=NetP2_2
Change Net Name : Old Net Name=NetQ?_1 New Net Name=NetQ2_1
Added Member To Class: ClassName=Capstone_Power Member=Component U6 3.3V
Added Room: Name=Capstone_Power
